JvmtiExport can_access_local_variables 0
JvmtiExport can_hotswap_or_post_breakpoint 0
JvmtiExport can_post_on_exceptions 0
# 262 ciObject found
ciMethod java/lang/Object <init> ()V 4097 1 628174 0 0
ciMethod java/lang/String <init> ([BIII)V 1025 17001 1686 0 0
ciMethod java/lang/String checkBounds ([BII)V 2081 1 5745 0 0
ciMethod java/lang/String <init> ([BIILjava/lang/String;)V 3073 1 3162 0 0
ciMethod java/lang/String length ()I 3073 1 237514 0 0
ciMethod java/lang/String charAt (I)C 4097 1 818177 0 128
ciMethod java/lang/String equals (Ljava/lang/Object;)Z 2057 11473 2385 0 -1
ciMethod java/lang/String intern ()Ljava/lang/String; 3073 1 384 0 -1
ciMethod java/lang/System getSecurityManager ()Ljava/lang/SecurityManager; 3081 1 29839 0 0
ciMethod java/lang/System arraycopy (Ljava/lang/Object;ILjava/lang/Object;II)V 5121 1 640 0 -1
ciMethod java/lang/ref/Reference get ()Ljava/lang/Object; 1025 1 128 0 -1
ciMethod java/lang/ref/SoftReference <init> (Ljava/lang/Object;)V 1089 1 3219 0 -1
ciMethod java/lang/ref/SoftReference get ()Ljava/lang/Object; 2049 1 24095 0 96
ciMethod java/lang/Thread currentThread ()Ljava/lang/Thread; 2049 1 256 0 -1
ciMethod java/util/Map put (Ljava/lang/Object;Ljava/lang/Object;)Ljava/lang/Object; 0 0 1 0 -1
ciMethod java/nio/Buffer position ()I 1065 1 133 0 0
ciMethod java/nio/Buffer position (I)Ljava/nio/Buffer; 2097 1 5384 0 -1
ciMethod java/nio/Buffer remaining ()I 121 1 2735 0 -1
ciMethod java/nio/Buffer hasRemaining ()Z 2049 1 3995 0 -1
ciMethod java/lang/Character isSupplementaryCodePoint (I)Z 0 0 1 0 -1
ciMethod java/lang/Character isSurrogate (C)Z 1 1 21227 0 -1
ciMethod java/lang/Character highSurrogate (I)C 0 0 1 0 -1
ciMethod java/lang/Character lowSurrogate (I)C 0 0 1 0 -1
ciMethod java/lang/Math min (II)I 3073 1 73875 0 -1
ciMethod java/io/InputStream read ([BII)I 9 1497 1 0 -1
ciMethod java/util/HashMap hash (Ljava/lang/Object;)I 2449 1 53794 0 -1
ciMethod java/util/HashMap put (Ljava/lang/Object;Ljava/lang/Object;)Ljava/lang/Object; 2105 1 23032 0 1184
ciMethod java/util/HashMap putVal (ILjava/lang/Object;Ljava/lang/Object;ZZ)Ljava/lang/Object; 2081 289 20747 0 -1
ciMethod java/nio/charset/Charset isSupported (Ljava/lang/String;)Z 113 1 330 0 -1
ciMethod java/nio/charset/Charset forName (Ljava/lang/String;)Ljava/nio/charset/Charset; 161 1 351 0 -1
ciMethod java/nio/charset/Charset name ()Ljava/lang/String; 1025 1 128 0 -1
ciMethod java/lang/ThreadLocal initialValue ()Ljava/lang/Object; 121 1 15 0 -1
ciMethod java/lang/ThreadLocal get ()Ljava/lang/Object; 2065 1 7388 0 0
ciMethod java/lang/ThreadLocal setInitialValue ()Ljava/lang/Object; 17 1 44 0 0
ciMethod java/lang/ThreadLocal set (Ljava/lang/Object;)V 41 1 545 0 -1
ciMethod java/lang/ThreadLocal getMap (Ljava/lang/Thread;)Ljava/lang/ThreadLocal$ThreadLocalMap; 2057 1 1297 0 0
ciMethod java/lang/ThreadLocal createMap (Ljava/lang/Thread;Ljava/lang/Object;)V 9 1 8 0 -1
ciMethod java/lang/ThreadLocal access$400 (Ljava/lang/ThreadLocal;)I 1033 1 129 0 0
ciMethod java/util/Arrays copyOf ([CI)[C 2073 1 21111 0 0
ciMethod sun/nio/cs/HistoricallyNamedCharset historicalName ()Ljava/lang/String; 0 0 1 0 -1
ciMethod java/nio/ByteBuffer wrap ([BII)Ljava/nio/ByteBuffer; 1 1 545 0 0
ciMethod java/nio/HeapByteBuffer <init> ([BII)V 0 0 545 0 -1
ciMethodData java/lang/Object <init> ()V 2 628190 orig 264 184 158 81 100 0 0 0 0 136 4 127 21 0 0 0 0 32 1 0 0 0 0 0 0 0 0 0 0 0 0 0 0 0 0 0 0 0 0 0 0 0 0 0 0 0 0 0 0 0 0 0 0 0 0 0 0 0 0 0 0 0 0 0 0 0 0 0 0 0 0 0 0 0 0 0 0 0 0 0 0 77 68 79 32 101 120 116 114 97 32 100 97 116 97 32 108 111 99 107 0 0 0 0 0 0 0 0 0 0 0 0 0 0 0 0 0 0 0 0 0 0 0 0 0 0 0 0 0 0 0 0 0 0 0 0 0 0 0 0 0 0 0 0 0 0 0 0 0 0 0 0 0 0 0 0 0 0 0 0 0 0 0 0 0 0 0 0 0 0 0 0 0 0 0 0 0 0 0 0 0 0 0 0 0 1 0 0 0 0 0 0 0 1 0 0 0 0 0 0 0 1 0 0 0 0 0 0 0 0 0 0 0 0 0 0 0 0 2 0 0 241 158 76 0 1 0 0 0 0 0 0 0 0 0 0 0 2 0 0 0 0 0 3 0 3 0 0 0 0 0 0 0 255 255 255 255 0 0 0 0 0 0 0 0 data 0 oops 0
ciMethod sun/nio/cs/ArrayDecoder decode ([BII[C)I 0 0 1 0 -1
ciMethod java/nio/charset/CharsetDecoder replacement ()Ljava/lang/String; 0 0 1 0 -1
ciMethod java/nio/charset/CharsetDecoder malformedInputAction ()Ljava/nio/charset/CodingErrorAction; 0 0 1 0 -1
ciMethod java/nio/charset/CharsetDecoder maxCharsPerByte ()F 3409 1 4036 0 0
ciMethod java/nio/charset/CharsetDecoder decode (Ljava/nio/ByteBuffer;Ljava/nio/CharBuffer;Z)Ljava/nio/charset/CoderResult; 1745 1 2492 0 0
ciMethod java/nio/charset/CharsetDecoder flush (Ljava/nio/CharBuffer;)Ljava/nio/charset/CoderResult; 1697 1 1646 0 0
ciMethod java/nio/charset/CharsetDecoder implFlush (Ljava/nio/CharBuffer;)Ljava/nio/charset/CoderResult; 2881 1 1646 0 -1
ciMethod java/nio/charset/CharsetDecoder reset ()Ljava/nio/charset/CharsetDecoder; 2073 1 2676 0 0
ciMethod java/nio/charset/CharsetDecoder implReset ()V 2073 1 2676 0 -1
ciMethod java/nio/charset/CharsetDecoder decodeLoop (Ljava/nio/ByteBuffer;Ljava/nio/CharBuffer;)Ljava/nio/charset/CoderResult; 0 0 1 0 -1
ciMethod java/nio/charset/CharsetDecoder throwIllegalStateException (II)V 0 0 1 0 -1
ciMethod java/nio/CharBuffer wrap ([CII)Ljava/nio/CharBuffer; 17 1 1983 0 -1
ciMethod java/nio/CharBuffer wrap ([C)Ljava/nio/CharBuffer; 0 0 2 0 0
ciMethod java/nio/CharBuffer put (Ljava/lang/String;)Ljava/nio/CharBuffer; 0 0 1 0 -1
ciMethod java/nio/charset/CoderResult isUnderflow ()Z 1745 1 7754 0 0
ciMethod java/nio/charset/CoderResult isOverflow ()Z 2777 1 4102 0 -1
ciMethod java/nio/charset/CoderResult isMalformed ()Z 0 0 1 0 -1
ciMethod java/nio/charset/CoderResult isUnmappable ()Z 0 0 1 0 -1
ciMethod java/nio/charset/CoderResult length ()I 0 0 1 0 -1
ciMethod java/nio/charset/CoderResult malformedForLength (I)Ljava/nio/charset/CoderResult; 0 0 1 0 -1
ciMethod java/nio/charset/CoderResult throwException ()V 0 0 1 0 0
ciMethodData java/lang/String charAt (I)C 2 818177 orig 264 184 158 81 100 0 0 0 0 56 61 127 21 0 0 0 0 120 1 0 0 32 0 0 0 0 0 0 0 0 0 0 0 0 0 0 0 0 0 0 0 0 0 0 0 0 0 0 0 0 0 0 0 0 0 0 0 0 0 0 0 0 0 0 0 0 0 0 0 0 0 0 0 0 0 0 0 0 0 0 0 77 68 79 32 101 120 116 114 97 32 100 97 116 97 32 108 111 99 107 0 0 0 0 0 0 0 0 0 0 0 0 0 0 0 0 0 0 0 0 0 0 0 0 0 0 0 0 0 0 0 0 0 0 0 0 0 0 0 0 0 0 0 0 0 0 0 0 0 0 0 0 0 0 0 0 0 0 0 0 0 0 0 0 0 0 0 0 0 0 0 0 0 0 0 0 0 0 0 0 0 0 0 0 0 25 0 0 0 0 0 0 0 0 0 0 0 0 0 0 0 1 0 0 0 0 0 0 0 0 0 0 0 0 0 0 0 0 2 0 0 9 208 99 0 1 0 0 0 0 0 0 0 0 0 0 0 2 0 0 0 0 0 8 0 4 0 1 0 80 0 0 0 255 255 255 255 7 0 1 0 0 0 0 0 data 10 0x10007 0x0 0x40 0xc7a01 0xa0007 0xc7a01 0x30 0x0 0x120002 0x0 oops 0
ciMethodData java/lang/String length ()I 2 237514 orig 264 184 158 81 100 0 0 0 0 232 59 127 21 0 0 0 0 32 1 0 0 0 0 0 0 0 0 0 0 0 0 0 0 0 0 0 0 0 0 0 0 0 0 0 0 0 0 0 0 0 0 0 0 0 0 0 0 0 0 0 0 0 0 0 0 0 0 0 0 0 0 0 0 0 0 0 0 0 0 0 0 77 68 79 32 101 120 116 114 97 32 100 97 116 97 32 108 111 99 107 0 0 0 0 0 0 0 0 0 0 0 0 0 0 0 0 0 0 0 0 0 0 0 0 0 0 0 0 0 0 0 0 0 0 0 0 0 0 0 0 0 0 0 0 0 0 0 0 0 0 0 0 0 0 0 0 0 0 0 0 0 0 0 0 0 0 0 0 0 0 0 0 0 0 0 0 0 0 0 0 0 0 0 0 0 1 0 0 0 0 0 0 0 0 0 0 0 0 0 0 0 1 0 0 0 0 0 0 0 0 0 0 0 0 0 0 0 128 1 0 0 81 242 28 0 1 0 0 0 0 0 0 0 0 0 0 0 2 0 0 0 0 0 3 0 3 0 0 0 0 0 0 0 255 255 255 255 0 0 0 0 0 0 0 0 data 0 oops 0
ciMethod java/lang/StringCoding deref (Ljava/lang/ThreadLocal;)Ljava/lang/Object; 3169 1 5145 0 0
ciMethod java/lang/StringCoding set (Ljava/lang/ThreadLocal;Ljava/lang/Object;)V 33 1 9 0 0
ciMethod java/lang/StringCoding safeTrim ([CILjava/nio/charset/Charset;Z)[C 3409 1 4033 0 0
ciMethod java/lang/StringCoding scale (IF)I 3409 1 5385 0 0
ciMethod java/lang/StringCoding lookupCharset (Ljava/lang/String;)Ljava/nio/charset/Charset; 33 1 9 0 0
ciMethod java/lang/StringCoding decode (Ljava/lang/String;[BII)[C 3161 1 3783 0 0
ciMethod java/lang/StringCoding access$000 (IF)I 3409 1 5384 0 0
ciMethod java/lang/StringCoding access$100 ([CILjava/nio/charset/Charset;Z)[C 3409 1 4033 0 0
ciMethod java/lang/ThreadLocal$ThreadLocalMap nextIndex (II)I 1865 1 301 0 -1
ciMethod java/lang/ThreadLocal$ThreadLocalMap getEntry (Ljava/lang/ThreadLocal;)Ljava/lang/ThreadLocal$ThreadLocalMap$Entry; 2057 1 6401 0 160
ciMethod java/lang/ThreadLocal$ThreadLocalMap getEntryAfterMiss (Ljava/lang/ThreadLocal;ILjava/lang/ThreadLocal$ThreadLocalMap$Entry;)Ljava/lang/ThreadLocal$ThreadLocalMap$Entry; 9 1 75 0 0
ciMethod java/lang/ThreadLocal$ThreadLocalMap expungeStaleEntry (I)I 121 41 15 0 -1
ciMethod java/lang/ThreadLocal$ThreadLocalMap access$000 (Ljava/lang/ThreadLocal$ThreadLocalMap;Ljava/lang/ThreadLocal;)Ljava/lang/ThreadLocal$ThreadLocalMap$Entry; 2057 1 7418 0 0
ciMethod java/lang/ThreadLocal$ThreadLocalMap access$100 (Ljava/lang/ThreadLocal$ThreadLocalMap;Ljava/lang/ThreadLocal;Ljava/lang/Object;)V 49 1 580 0 -1
ciMethod java/lang/StringCoding$StringDecoder <init> (Ljava/nio/charset/Charset;Ljava/lang/String;)V 33 1 7 0 -1
ciMethod java/lang/StringCoding$StringDecoder charsetName ()Ljava/lang/String; 25 1 5 0 0
ciMethod java/lang/StringCoding$StringDecoder requestedCharsetName ()Ljava/lang/String; 1105 1 138 0 0
ciMethod java/lang/StringCoding$StringDecoder decode ([BII)[C 3281 1 3813 0 0
ciMethod java/lang/StringCoding$StringDecoder <init> (Ljava/nio/charset/Charset;Ljava/lang/String;Ljava/lang/StringCoding$1;)V 33 1 7 0 -1
ciMethod sun/nio/cs/UTF_8$Decoder isNotContinuation (I)Z 0 0 1 0 -1
ciMethod sun/nio/cs/UTF_8$Decoder isMalformed3 (III)Z 0 0 1 0 -1
ciMethod sun/nio/cs/UTF_8$Decoder isMalformed3_2 (II)Z 0 0 1 0 -1
ciMethod sun/nio/cs/UTF_8$Decoder isMalformed4 (III)Z 0 0 1 0 -1
ciMethod sun/nio/cs/UTF_8$Decoder isMalformed4_2 (II)Z 0 0 1 0 -1
ciMethod sun/nio/cs/UTF_8$Decoder isMalformed4_3 (I)Z 0 0 1 0 -1
ciMethod sun/nio/cs/UTF_8$Decoder malformedN (Ljava/nio/ByteBuffer;I)Ljava/nio/charset/CoderResult; 0 0 1 0 -1
ciMethod sun/nio/cs/UTF_8$Decoder getByteBuffer (Ljava/nio/ByteBuffer;[BI)Ljava/nio/ByteBuffer; 0 0 1 0 -1
ciMethod sun/nio/cs/UTF_8$Decoder decode ([BII[C)I 1497 129401 820 0 -1
ciMethod java/util/jar/Attributes put (Ljava/lang/Object;Ljava/lang/Object;)Ljava/lang/Object; 4097 1 2081 0 0
ciMethod java/util/jar/Attributes putValue (Ljava/lang/String;Ljava/lang/String;)Ljava/lang/String; 4097 1 1690 0 0
ciMethod java/util/jar/Attributes read (Ljava/util/jar/Manifest$FastInputStream;[B)V 937 74025 817 0 -1
ciMethod java/util/jar/Manifest$FastInputStream readLine ([BII)I 1305 41201 1122 0 928
ciMethod java/util/jar/Manifest$FastInputStream peek ()B 4065 1 3216 0 0
ciMethod java/util/jar/Manifest$FastInputStream readLine ([B)I 2137 1 4184 0 0
ciMethod java/util/jar/Manifest$FastInputStream fill ()V 337 1 309 0 0
ciMethod java/util/jar/Attributes$Name <init> (Ljava/lang/String;)V 4097 1 2150 0 0
ciMethod java/util/jar/Attributes$Name isValid (Ljava/lang/String;)Z 993 16425 1627 0 544
ciMethod java/util/jar/Attributes$Name isValid (C)Z 2417 1 23383 0 0
ciMethod java/util/jar/Attributes$Name isAlpha (C)Z 2417 1 23383 0 0
ciMethod java/util/jar/Attributes$Name isDigit (C)Z 145 1 2166 0 0
ciMethodData java/util/jar/Attributes$Name isValid (C)Z 2 23383 orig 264 184 158 81 100 0 0 0 0 248 181 163 21 0 0 0 0 0 2 0 0 128 0 0 0 0 0 0 0 0 0 0 0 0 0 0 0 0 0 0 0 0 0 0 0 0 0 0 0 0 0 0 0 0 0 0 0 0 0 0 0 0 0 0 0 0 0 0 0 0 0 0 0 0 0 0 0 0 0 0 0 77 68 79 32 101 120 116 114 97 32 100 97 116 97 32 108 111 99 107 0 0 0 0 0 0 0 0 0 0 0 0 0 0 0 0 0 0 0 0 0 0 0 0 0 0 0 0 0 0 0 0 0 0 0 0 0 0 0 0 0 0 0 0 0 0 0 0 0 0 0 0 0 0 0 0 0 0 0 0 0 0 0 0 0 0 0 0 0 0 0 0 0 0 0 0 0 0 0 0 0 0 0 0 0 0 0 0 0 0 0 0 0 0 0 0 0 0 0 0 0 0 0 0 0 0 0 0 0 0 0 0 0 0 0 0 0 46 1 0 0 73 209 2 0 1 0 0 0 0 0 0 0 0 0 0 0 2 0 0 0 0 0 33 0 3 0 1 0 184 0 0 0 255 255 255 255 2 0 1 0 0 0 0 0 data 23 0x10002 0x5a29 0x40007 0x51c5 0x90 0x864 0x80002 0x864 0xb0007 0x207 0x60 0x65d 0x110007 0x0 0x40 0x65d 0x170007 0x0 0x38 0x65d 0x1b0003 0x5a29 0x18 oops 0
ciMethodData java/util/jar/Attributes$Name isAlpha (C)Z 2 23383 orig 264 184 158 81 100 0 0 0 0 168 182 163 21 0 0 0 0 184 1 0 0 96 0 0 0 0 0 0 0 0 0 0 0 0 0 0 0 0 0 0 0 0 0 0 0 0 0 0 0 0 0 0 0 0 0 0 0 0 0 0 0 0 0 0 0 0 0 0 0 0 0 0 0 0 0 0 0 0 0 0 0 77 68 79 32 101 120 116 114 97 32 100 97 116 97 32 108 111 99 107 0 0 0 0 0 0 0 0 0 0 0 0 0 0 0 0 0 0 0 0 0 0 0 0 0 0 0 0 0 0 0 0 0 0 0 0 0 0 0 0 0 0 0 0 0 0 0 0 0 0 0 0 0 0 0 0 0 0 0 0 0 0 0 0 0 0 0 0 0 0 0 0 0 0 0 0 0 0 0 0 0 0 0 0 0 0 0 0 0 0 0 0 0 0 0 0 0 0 0 0 0 0 0 0 0 0 0 0 0 0 0 0 0 0 0 0 0 46 1 0 0 73 209 2 0 1 0 0 0 0 0 0 0 0 0 0 0 2 0 0 0 0 0 15 0 3 0 1 0 152 0 0 0 255 255 255 255 7 0 3 0 0 0 0 0 data 19 0x30007 0x19d0 0x40 0x4059 0x90007 0x4059 0x60 0x0 0xf0007 0x864 0x58 0x116c 0x150007 0x0 0x38 0x116c 0x190003 0x51c5 0x18 oops 0
ciMethodData java/util/jar/Attributes$Name isDigit (C)Z 2 2166 orig 264 184 158 81 100 0 0 0 0 72 183 163 21 0 0 0 0 120 1 0 0 0 0 0 0 0 0 0 0 0 0 0 0 0 0 0 0 0 0 0 0 0 0 0 0 0 0 0 0 0 0 0 0 0 0 0 0 0 0 0 0 0 0 0 0 0 0 0 0 0 0 0 0 0 0 0 0 0 0 0 0 77 68 79 32 101 120 116 114 97 32 100 97 116 97 32 108 111 99 107 0 0 0 0 0 0 0 0 0 0 0 0 0 0 0 0 0 0 0 0 0 0 0 0 0 0 0 0 0 0 0 0 0 0 0 0 0 0 0 0 0 0 0 0 0 0 0 0 0 0 0 0 0 0 0 0 0 0 0 0 0 0 0 0 0 0 0 0 0 0 0 0 0 0 0 0 0 0 0 0 0 0 0 0 0 0 0 0 0 0 0 0 0 0 0 0 0 0 0 0 0 0 0 0 0 0 0 0 0 0 0 0 0 0 0 0 0 18 0 0 0 33 67 0 0 1 0 0 0 0 0 0 0 0 0 0 0 2 0 0 0 0 0 0 0 0 0 1 0 88 0 0 0 255 255 255 255 7 0 3 0 0 0 0 0 data 11 0x30007 0x65d 0x58 0x207 0x90007 0x0 0x38 0x207 0xd0003 0x207 0x18 oops 0
ciMethodData java/lang/System getSecurityManager ()Ljava/lang/SecurityManager; 2 29839 orig 264 184 158 81 100 0 0 0 0 208 147 128 21 0 0 0 0 24 1 0 0 0 0 0 0 0 0 0 0 0 0 0 0 0 0 0 0 0 0 0 0 0 0 0 0 0 0 0 0 0 0 0 0 0 0 0 0 0 0 0 0 0 0 0 0 0 0 0 0 0 0 0 0 0 0 0 0 0 0 0 0 77 68 79 32 101 120 116 114 97 32 100 97 116 97 32 108 111 99 107 0 0 0 0 0 0 0 0 0 0 0 0 0 0 0 0 0 0 0 0 0 0 0 0 0 0 0 0 0 0 0 0 0 0 0 0 0 0 0 0 0 0 0 0 0 0 0 0 0 0 0 0 0 0 0 0 0 0 0 0 0 0 0 0 0 0 0 0 0 0 0 0 0 0 0 0 0 0 0 0 0 0 0 0 0 0 0 0 0 0 0 0 0 0 0 0 0 0 0 0 0 0 0 0 0 0 0 0 0 0 0 0 0 0 0 0 0 129 1 0 0 113 152 3 0 1 0 0 0 0 0 0 0 0 0 0 0 2 0 0 0 0 0 3 0 3 0 0 0 0 0 0 0 255 255 255 255 0 0 0 0 0 0 0 0 data 0 oops 0
ciMethodData java/lang/ref/SoftReference get ()Ljava/lang/Object; 2 24273 orig 264 184 158 81 100 0 0 0 0 64 123 129 21 0 0 0 0 112 1 0 0 0 0 0 0 0 0 0 0 0 0 0 0 0 0 0 0 0 0 0 0 0 0 0 0 0 0 0 0 0 0 0 0 0 0 0 0 0 0 0 0 0 0 0 0 0 0 0 0 0 0 0 0 0 0 0 0 0 0 0 0 77 68 79 32 101 120 116 114 97 32 100 97 116 97 32 108 111 99 107 0 0 0 0 0 0 0 0 0 0 0 0 0 0 0 0 0 0 0 0 0 0 0 0 0 0 0 0 0 0 0 0 0 0 0 0 0 0 0 0 0 0 0 0 0 0 0 0 0 0 0 0 0 0 0 0 0 0 0 0 0 0 0 0 0 0 0 0 0 0 0 0 0 0 0 0 0 0 0 0 0 0 0 0 0 0 0 0 0 0 0 0 0 0 0 0 0 0 0 0 0 0 0 0 0 0 0 0 0 0 0 0 0 0 0 0 0 0 1 0 0 137 238 2 0 1 0 0 0 0 0 0 0 0 0 0 0 2 0 0 0 0 0 8 0 4 0 1 0 80 0 0 0 255 255 255 255 2 0 1 0 0 0 0 0 data 10 0x10002 0x5dd1 0x60007 0x0 0x40 0x5dd1 0x110007 0x5cb9 0x20 0x118 oops 0
ciMethod sun/util/logging/PlatformLogger getLogger (Ljava/lang/String;)Lsun/util/logging/PlatformLogger; 0 0 1 0 -1
ciMethodData java/lang/ThreadLocal getMap (Ljava/lang/Thread;)Ljava/lang/ThreadLocal$ThreadLocalMap; 2 1297 orig 264 184 158 81 100 0 0 0 0 160 101 144 21 0 0 0 0 40 1 0 0 0 0 0 0 0 0 0 0 0 0 0 0 0 0 0 0 0 0 0 0 0 0 0 0 0 0 0 0 0 0 0 0 0 0 0 0 0 0 0 0 0 0 0 0 0 0 0 0 0 0 0 0 0 0 0 0 0 0 0 0 77 68 79 32 101 120 116 114 97 32 100 97 116 97 32 108 111 99 107 0 0 0 0 0 0 0 0 0 0 0 0 0 0 0 0 0 0 0 0 0 0 0 0 0 0 0 0 0 0 0 0 0 0 0 0 0 0 0 0 0 0 0 0 0 0 0 0 0 0 0 0 0 0 0 0 0 0 0 0 0 0 0 0 0 0 0 0 0 0 0 0 0 0 0 0 0 0 0 0 0 0 0 0 0 0 0 0 0 0 0 0 0 0 0 0 0 0 0 0 0 0 0 0 0 0 0 0 0 0 0 0 0 0 0 0 0 1 1 0 0 129 32 0 0 1 0 0 0 0 0 0 0 0 0 0 0 2 0 0 0 0 0 3 0 3 0 0 0 0 0 0 0 255 255 255 255 0 0 0 0 0 0 0 0 data 0 oops 0
ciMethodData java/lang/ThreadLocal get ()Ljava/lang/Object; 2 7427 orig 264 184 158 81 100 0 0 0 0 232 98 144 21 0 0 0 0 232 1 0 0 64 0 0 0 0 0 0 0 0 0 0 0 0 0 0 0 0 0 0 0 0 0 0 0 0 0 0 0 0 0 0 0 0 0 0 0 0 0 0 0 0 0 0 0 0 0 0 0 0 0 0 0 0 0 0 0 0 0 0 0 77 68 79 32 101 120 116 114 97 32 100 97 116 97 32 108 111 99 107 0 0 0 0 0 0 0 0 0 0 0 0 0 0 0 0 0 0 0 0 0 0 0 0 0 0 0 0 0 0 0 0 0 0 0 0 0 0 0 0 0 0 0 0 0 1 0 0 0 0 0 0 0 0 0 0 0 0 0 0 0 0 0 0 0 0 0 0 0 0 0 1 0 0 0 0 0 0 0 0 0 0 0 0 0 0 0 0 0 0 0 0 0 0 0 0 0 0 0 0 0 0 0 0 0 0 0 0 0 0 0 0 0 0 0 0 0 2 1 0 0 1 224 0 0 1 0 0 0 1 24 0 0 0 0 0 0 2 0 0 0 0 0 8 0 4 0 1 0 160 0 0 0 255 255 255 255 2 0 0 0 0 0 0 0 data 20 0x2 0x1c00 0x60005 0xc9e 0x1bc29b00 0xf5a 0x18d6dc30 0x8 0xb0007 0x1 0x50 0x1c00 0x100002 0x1c00 0x150007 0x20 0x20 0x1be0 0x220002 0x21 oops 2